#
# A fatal error has been detected by the Java Runtime Environment:
#
#  EXCEPTION_ACCESS_VIOLATION (0xc0000005) at pc=0x00007ff8b6f384eb, pid=16088, tid=15644
#
# JRE version: OpenJDK Runtime Environment (11.0.2+9) (build 11.0.2+9)
# Java VM: OpenJDK 64-Bit Server VM (11.0.2+9, mixed mode, tiered, compressed oops, g1 gc, windows-amd64)
# Problematic frame:
# V  [jvm.dll+0x6b84eb]
#
# No core dump will be written. Minidumps are not enabled by default on client versions of Windows
#
# If you would like to submit a bug report, please visit:
#   http://bugreport.java.com/bugreport/crash.jsp
#

---------------  S U M M A R Y ------------

Command Line: -agentlib:jdwp=transport=dt_socket,suspend=y,address=localhost:64778 -ea -javaagent:C:\Users\korisnik\eclipse\configuration\org.eclipse.osgi\405\0\.cp\lib\javaagent-shaded.jar -Dfile.encoding=UTF-8 org.eclipse.jdt.internal.junit.runner.RemoteTestRunner -version 3 -port 64777 -testLoaderClass org.eclipse.jdt.internal.junit5.runner.JUnit5TestLoader -loaderpluginname org.eclipse.jdt.junit5.runtime -classNames hr.fer.zemris.java.custom.scripting.exec.ValueWrapperTest

Host: Intel(R) Core(TM) i5-4300M CPU @ 2.60GHz, 4 cores, 7G,  Windows 10 , 64 bit Build 17134 (10.0.17134.706)
Time: Thu Apr 25 21:50:03 2019 Central European Daylight Time elapsed time: 1597 seconds (0d 0h 26m 37s)

---------------  T H R E A D  ---------------

Current thread (0x00000285fcc54000):  VMThread "VM Thread" [stack: 0x00000091d3900000,0x00000091d3a00000] [id=15644]

Stack: [0x00000091d3900000,0x00000091d3a00000],  sp=0x00000091d39feda0,  free space=1019k
Native frames: (J=compiled Java code, j=interpreted, Vv=VM code, C=native code)
V  [jvm.dll+0x6b84eb]
V  [jvm.dll+0x341ba3]
V  [jvm.dll+0x343b0f]
V  [jvm.dll+0x34436e]
V  [jvm.dll+0x34180c]
V  [jvm.dll+0x340ab2]
V  [jvm.dll+0x623b25]
V  [jvm.dll+0x6238ad]
V  [jvm.dll+0x5e942a]
V  [jvm.dll+0x5012e7]
V  [jvm.dll+0x77a02c]
V  [jvm.dll+0x7784e7]
V  [jvm.dll+0x778d10]
V  [jvm.dll+0x77901f]
V  [jvm.dll+0x633942]
C  [ucrtbase.dll+0x1e3fe]
C  [KERNEL32.DLL+0x14034]
C  [ntdll.dll+0x73691]


siginfo: EXCEPTION_ACCESS_VIOLATION (0xc0000005), reading address 0x0000000000000006


Register to memory mapping:

RIP=0x00007ff8b6f384eb jvm.dll
RAX=0x00000091d39fee30 points into unknown readable memory: ff ff ff 2f 00 00 00 00
RBX=0x00000091d39fee00 points into unknown readable memory: 38 2b 10 b7 f8 7f 00 00
RCX=0x0 is NULL
RDX=0x0 is NULL
RSP=0x00000091d39feda0 points into unknown readable memory: 00 ee 9f d3 91 00 00 00
RBP=0x00000091d39ff310 points into unknown readable memory: 68 ed c0 fc 85 02 00 00
RSI=0x0 is NULL
RDI=0x0 is NULL
R8 =0x0 is NULL
R9 =0x00000285fe5ce098 is pointing into metadata
R10=0x00007ff8b6880000 jvm.dll
R11=0x00000091d39ff260 points into unknown readable memory: e0 f2 9f d3 91 00 00 00
R12=0x00000285fcc0ea50 points into unknown readable memory: 00 00 00 00 00 00 00 00
R13=0x0 is NULL
R14=0x00000285fe5ceea4 is pointing into metadata
R15=0x00000000000000d6 is an unknown value


Registers:
RAX=0x00000091d39fee30, RBX=0x00000091d39fee00, RCX=0x0000000000000000, RDX=0x0000000000000000
RSP=0x00000091d39feda0, RBP=0x00000091d39ff310, RSI=0x0000000000000000, RDI=0x0000000000000000
R8 =0x0000000000000000, R9 =0x00000285fe5ce098, R10=0x00007ff8b6880000, R11=0x00000091d39ff260
R12=0x00000285fcc0ea50, R13=0x0000000000000000, R14=0x00000285fe5ceea4, R15=0x00000000000000d6
RIP=0x00007ff8b6f384eb, EFLAGS=0x0000000000010246

Top of Stack: (sp=0x00000091d39feda0)
0x00000091d39feda0:   00000091d39fee00 0000009100000004
0x00000091d39fedb0:   000000000000037f 00007ff8b6f38a6b
0x00000091d39fedc0:   0000000000000001 00007ff8b6bc1ba3
0x00000091d39fedd0:   0000000000000000 00000091d39ff480
0x00000091d39fede0:   0000000000000050 00000285fd49102e
0x00000091d39fedf0:   00007ff8b6880000 ffffffffffffffff
0x00000091d39fee00:   00007ff8b7102b38 0000000000000000
0x00000091d39fee10:   0000000000000000 00007ff80000000a
0x00000091d39fee20:   00000091d39fee30 0000009100000000
0x00000091d39fee30:   000000002fffffff 00000285fcc0eb68
0x00000091d39fee40:   4fffffff4fffffff 4fffffff4fffffff
0x00000091d39fee50:   00007ff8b7102b38 00000285fddf4e80
0x00000091d39fee60:   0000000000000037 000002850000000e
0x00000091d39fee70:   00000091d39fee90 00007ff800000002
0x00000091d39fee80:   0000000000000000 00007ff8b6f38a6b
0x00000091d39fee90:   4fffffff4fffffff 4fffffff4fffffff 

Instructions: (pc=0x00007ff8b6f384eb)
0x00007ff8b6f384cb:   cc cc cc cc cc 40 53 48 83 ec 20 c7 41 10 00 00
0x00007ff8b6f384db:   00 00 48 8b d9 48 89 7c 24 38 48 8b 79 08 33 c9
0x00007ff8b6f384eb:   80 7f 06 28 74 26 44 8d 49 28 8d 51 35 48 8d 0d
0x00007ff8b6f384fb:   a1 8b 21 00 4c 8d 05 8a 8b 21 00 e8 b5 63 ba ff 


Stack slot to memory mapping:
stack at sp + 0 slots: 0x00000091d39fee00 points into unknown readable memory: 38 2b 10 b7 f8 7f 00 00
stack at sp + 1 slots: 0x0000009100000004 is an unknown value
stack at sp + 2 slots: 0x000000000000037f is an unknown value
stack at sp + 3 slots: 0x00007ff8b6f38a6b jvm.dll
stack at sp + 4 slots: 0x0000000000000001 is an unknown value
stack at sp + 5 slots: 0x00007ff8b6bc1ba3 jvm.dll
stack at sp + 6 slots: 0x0 is NULL
stack at sp + 7 slots: 0x00000091d39ff480 points into unknown readable memory: 08 07 14 b7 f8 7f 00 00

VM_Operation (0x00000091d42ff3f0): GetOrSetLocal, mode: safepoint, requested by thread 0x00000285fd92b800


---------------  P R O C E S S  ---------------

Threads class SMR info:
_java_thread_list=0x000002858f42a320, length=14, elements={
0x00000285ed932000, 0x00000285fcc8a800, 0x00000285fcc80000, 0x00000285fcc9a000,
0x00000285fcc9b000, 0x00000285fcc9e800, 0x00000285fd62f800, 0x00000285fd648800,
0x00000285fd75a000, 0x00000285fd92b800, 0x00000285fdd1a800, 0x00000285fd810000,
0x00000285fd848800, 0x00000285fd98d800
}

Java Threads: ( => current thread )
  0x00000285ed932000 JavaThread "main" [_thread_blocked, id=11872, stack(0x00000091d3300000,0x00000091d3400000)]
  0x00000285fcc8a800 JavaThread "Reference Handler" daemon [_thread_blocked, id=7752, stack(0x00000091d3a00000,0x00000091d3b00000)]
  0x00000285fcc80000 JavaThread "Finalizer" daemon [_thread_blocked, id=12820, stack(0x00000091d3b00000,0x00000091d3c00000)]
  0x00000285fcc9a000 JavaThread "Signal Dispatcher" daemon [_thread_blocked, id=5788, stack(0x00000091d3c00000,0x00000091d3d00000)]
  0x00000285fcc9b000 JavaThread "Attach Listener" daemon [_thread_blocked, id=7260, stack(0x00000091d3d00000,0x00000091d3e00000)]
  0x00000285fcc9e800 JavaThread "C2 CompilerThread0" daemon [_thread_blocked, id=11192, stack(0x00000091d3e00000,0x00000091d3f00000)]
  0x00000285fd62f800 JavaThread "C1 CompilerThread0" daemon [_thread_blocked, id=7612, stack(0x00000091d3f00000,0x00000091d4000000)]
  0x00000285fd648800 JavaThread "Sweeper thread" daemon [_thread_blocked, id=15344, stack(0x00000091d4000000,0x00000091d4100000)]
  0x00000285fd75a000 JavaThread "Common-Cleaner" daemon [_thread_blocked, id=2404, stack(0x00000091d4100000,0x00000091d4200000)]
  0x00000285fd92b800 JavaThread "JDWP Transport Listener: dt_socket" daemon [_thread_blocked, id=12636, stack(0x00000091d4200000,0x00000091d4300000)] _threads_hazard_ptr=0x000002858f42a320
  0x00000285fdd1a800 JavaThread "JDWP Event Helper Thread" daemon [_thread_blocked, id=10916, stack(0x00000091d4300000,0x00000091d4400000)]
  0x00000285fd810000 JavaThread "JDWP Command Reader" daemon [_thread_in_native, id=14672, stack(0x00000091d4400000,0x00000091d4500000)]
  0x00000285fd848800 JavaThread "Service Thread" daemon [_thread_blocked, id=15680, stack(0x00000091d4500000,0x00000091d4600000)]
  0x00000285fd98d800 JavaThread "ReaderThread" [_thread_in_native, id=15320, stack(0x00000091d4700000,0x00000091d4800000)]

Other Threads:
=>0x00000285fcc54000 VMThread "VM Thread" [stack: 0x00000091d3900000,0x00000091d3a00000] [id=15644]
  0x00000285fdd58800 WatcherThread [stack: 0x00000091d4600000,0x00000091d4700000] [id=7248]
  0x00000285ed949000 GCTaskThread "GC Thread#0" [stack: 0x00000091d3400000,0x00000091d3500000] [id=15744]
  0x00000285fe330800 GCTaskThread "GC Thread#1" [stack: 0x00000091d4900000,0x00000091d4a00000] [id=3308]
  0x00000285fe331000 GCTaskThread "GC Thread#2" [stack: 0x00000091d4a00000,0x00000091d4b00000] [id=2340]
  0x00000285fdf76800 GCTaskThread "GC Thread#3" [stack: 0x00000091d4b00000,0x00000091d4c00000] [id=14352]
  0x00000285eb89e000 ConcurrentGCThread "G1 Main Marker" [stack: 0x00000091d3500000,0x00000091d3600000] [id=12972]
  0x00000285ed979000 ConcurrentGCThread "G1 Conc#0" [stack: 0x00000091d3600000,0x00000091d3700000] [id=14652]
  0x00000285fcac0800 ConcurrentGCThread "G1 Refine#0" [stack: 0x00000091d3700000,0x00000091d3800000] [id=10820]
  0x00000285fcac1800 ConcurrentGCThread "G1 Young RemSet Sampling" [stack: 0x00000091d3800000,0x00000091d3900000] [id=14876]

Threads with active compile tasks:

VM state:at safepoint (normal execution)

VM Mutex/Monitor currently owned by a thread:  ([mutex/lock_event])
[0x00000285ed931600] Threads_lock - owner thread: 0x00000285fcc54000

Heap address: 0x0000000081800000, size: 2024 MB, Compressed Oops mode: 32-bit
Narrow klass base: 0x0000000000000000, Narrow klass shift: 3
Compressed class space size: 1073741824 Address: 0x0000000100000000

Heap:
 garbage-first heap   total 131072K, used 15159K [0x0000000081800000, 0x0000000100000000)
  region size 1024K, 16 young (16384K), 2 survivors (2048K)
 Metaspace       used 13263K, capacity 13742K, committed 13824K, reserved 1060864K
  class space    used 1313K, capacity 1492K, committed 1536K, reserved 1048576K
Heap Regions: E=young(eden), S=young(survivor), O=old, HS=humongous(starts), HC=humongous(continues), CS=collection set, F=free, A=archive, TAMS=top-at-mark-start (previous, next)
|   0|0x0000000081800000, 0x0000000081800000, 0x0000000081900000|  0%| F|  |TAMS 0x0000000081800000, 0x0000000081800000| Untracked 
|   1|0x0000000081900000, 0x0000000081900000, 0x0000000081a00000|  0%| F|  |TAMS 0x0000000081900000, 0x0000000081900000| Untracked 
|   2|0x0000000081a00000, 0x0000000081a00000, 0x0000000081b00000|  0%| F|  |TAMS 0x0000000081a00000, 0x0000000081a00000| Untracked 
|   3|0x0000000081b00000, 0x0000000081b00000, 0x0000000081c00000|  0%| F|  |TAMS 0x0000000081b00000, 0x0000000081b00000| Untracked 
|   4|0x0000000081c00000, 0x0000000081c00000, 0x0000000081d00000|  0%| F|  |TAMS 0x0000000081c00000, 0x0000000081c00000| Untracked 
|   5|0x0000000081d00000, 0x0000000081d00000, 0x0000000081e00000|  0%| F|  |TAMS 0x0000000081d00000, 0x0000000081d00000| Untracked 
|   6|0x0000000081e00000, 0x0000000081e00000, 0x0000000081f00000|  0%| F|  |TAMS 0x0000000081e00000, 0x0000000081e00000| Untracked 
|   7|0x0000000081f00000, 0x0000000081f00000, 0x0000000082000000|  0%| F|  |TAMS 0x0000000081f00000, 0x0000000081f00000| Untracked 
|   8|0x0000000082000000, 0x0000000082000000, 0x0000000082100000|  0%| F|  |TAMS 0x0000000082000000, 0x0000000082000000| Untracked 
|   9|0x0000000082100000, 0x0000000082100000, 0x0000000082200000|  0%| F|  |TAMS 0x0000000082100000, 0x0000000082100000| Untracked 
|  10|0x0000000082200000, 0x0000000082200000, 0x0000000082300000|  0%| F|  |TAMS 0x0000000082200000, 0x0000000082200000| Untracked 
|  11|0x0000000082300000, 0x0000000082300000, 0x0000000082400000|  0%| F|  |TAMS 0x0000000082300000, 0x0000000082300000| Untracked 
|  12|0x0000000082400000, 0x0000000082400000, 0x0000000082500000|  0%| F|  |TAMS 0x0000000082400000, 0x0000000082400000| Untracked 
|  13|0x0000000082500000, 0x0000000082500000, 0x0000000082600000|  0%| F|  |TAMS 0x0000000082500000, 0x0000000082500000| Untracked 
|  14|0x0000000082600000, 0x0000000082600000, 0x0000000082700000|  0%| F|  |TAMS 0x0000000082600000, 0x0000000082600000| Untracked 
|  15|0x0000000082700000, 0x0000000082700000, 0x0000000082800000|  0%| F|  |TAMS 0x0000000082700000, 0x0000000082700000| Untracked 
|  16|0x0000000082800000, 0x0000000082800000, 0x0000000082900000|  0%| F|  |TAMS 0x0000000082800000, 0x0000000082800000| Untracked 
|  17|0x0000000082900000, 0x0000000082900000, 0x0000000082a00000|  0%| F|  |TAMS 0x0000000082900000, 0x0000000082900000| Untracked 
|  18|0x0000000082a00000, 0x0000000082a00000, 0x0000000082b00000|  0%| F|  |TAMS 0x0000000082a00000, 0x0000000082a00000| Untracked 
|  19|0x0000000082b00000, 0x0000000082b00000, 0x0000000082c00000|  0%| F|  |TAMS 0x0000000082b00000, 0x0000000082b00000| Untracked 
|  20|0x0000000082c00000, 0x0000000082c00000, 0x0000000082d00000|  0%| F|  |TAMS 0x0000000082c00000, 0x0000000082c00000| Untracked 
|  21|0x0000000082d00000, 0x0000000082d00000, 0x0000000082e00000|  0%| F|  |TAMS 0x0000000082d00000, 0x0000000082d00000| Untracked 
|  22|0x0000000082e00000, 0x0000000082e00000, 0x0000000082f00000|  0%| F|  |TAMS 0x0000000082e00000, 0x0000000082e00000| Untracked 
|  23|0x0000000082f00000, 0x0000000082f00000, 0x0000000083000000|  0%| F|  |TAMS 0x0000000082f00000, 0x0000000082f00000| Untracked 
|  24|0x0000000083000000, 0x0000000083000000, 0x0000000083100000|  0%| F|  |TAMS 0x0000000083000000, 0x0000000083000000| Untracked 
|  25|0x0000000083100000, 0x0000000083100000, 0x0000000083200000|  0%| F|  |TAMS 0x0000000083100000, 0x0000000083100000| Untracked 
|  26|0x0000000083200000, 0x0000000083200000, 0x0000000083300000|  0%| F|  |TAMS 0x0000000083200000, 0x0000000083200000| Untracked 
|  27|0x0000000083300000, 0x0000000083300000, 0x0000000083400000|  0%| F|  |TAMS 0x0000000083300000, 0x0000000083300000| Untracked 
|  28|0x0000000083400000, 0x0000000083400000, 0x0000000083500000|  0%| F|  |TAMS 0x0000000083400000, 0x0000000083400000| Untracked 
|  29|0x0000000083500000, 0x0000000083500000, 0x0000000083600000|  0%| F|  |TAMS 0x0000000083500000, 0x0000000083500000| Untracked 
|  30|0x0000000083600000, 0x0000000083600000, 0x0000000083700000|  0%| F|  |TAMS 0x0000000083600000, 0x0000000083600000| Untracked 
|  31|0x0000000083700000, 0x0000000083700000, 0x0000000083800000|  0%| F|  |TAMS 0x0000000083700000, 0x0000000083700000| Untracked 
|  32|0x0000000083800000, 0x0000000083800000, 0x0000000083900000|  0%| F|  |TAMS 0x0000000083800000, 0x0000000083800000| Untracked 
|  33|0x0000000083900000, 0x0000000083900000, 0x0000000083a00000|  0%| F|  |TAMS 0x0000000083900000, 0x0000000083900000| Untracked 
|  34|0x0000000083a00000, 0x0000000083a00000, 0x0000000083b00000|  0%| F|  |TAMS 0x0000000083a00000, 0x0000000083a00000| Untracked 
|  35|0x0000000083b00000, 0x0000000083b00000, 0x0000000083c00000|  0%| F|  |TAMS 0x0000000083b00000, 0x0000000083b00000| Untracked 
|  36|0x0000000083c00000, 0x0000000083c00000, 0x0000000083d00000|  0%| F|  |TAMS 0x0000000083c00000, 0x0000000083c00000| Untracked 
|  37|0x0000000083d00000, 0x0000000083d00000, 0x0000000083e00000|  0%| F|  |TAMS 0x0000000083d00000, 0x0000000083d00000| Untracked 
|  38|0x0000000083e00000, 0x0000000083e00000, 0x0000000083f00000|  0%| F|  |TAMS 0x0000000083e00000, 0x0000000083e00000| Untracked 
|  39|0x0000000083f00000, 0x0000000083f00000, 0x0000000084000000|  0%| F|  |TAMS 0x0000000083f00000, 0x0000000083f00000| Untracked 
|  40|0x0000000084000000, 0x0000000084000000, 0x0000000084100000|  0%| F|  |TAMS 0x0000000084000000, 0x0000000084000000| Untracked 
|  41|0x0000000084100000, 0x0000000084100000, 0x0000000084200000|  0%| F|  |TAMS 0x0000000084100000, 0x0000000084100000| Untracked 
|  42|0x0000000084200000, 0x0000000084200000, 0x0000000084300000|  0%| F|  |TAMS 0x0000000084200000, 0x0000000084200000| Untracked 
|  43|0x0000000084300000, 0x0000000084300000, 0x0000000084400000|  0%| F|  |TAMS 0x0000000084300000, 0x0000000084300000| Untracked 
|  44|0x0000000084400000, 0x0000000084400000, 0x0000000084500000|  0%| F|  |TAMS 0x0000000084400000, 0x0000000084400000| Untracked 
|  45|0x0000000084500000, 0x0000000084500000, 0x0000000084600000|  0%| F|  |TAMS 0x0000000084500000, 0x0000000084500000| Untracked 
|  46|0x0000000084600000, 0x0000000084600000, 0x0000000084700000|  0%| F|  |TAMS 0x0000000084600000, 0x0000000084600000| Untracked 
|  47|0x0000000084700000, 0x0000000084700000, 0x0000000084800000|  0%| F|  |TAMS 0x0000000084700000, 0x0000000084700000| Untracked 
|  48|0x0000000084800000, 0x0000000084800000, 0x0000000084900000|  0%| F|  |TAMS 0x0000000084800000, 0x0000000084800000| Untracked 
|  49|0x0000000084900000, 0x0000000084900000, 0x0000000084a00000|  0%| F|  |TAMS 0x0000000084900000, 0x0000000084900000| Untracked 
|  50|0x0000000084a00000, 0x0000000084a00000, 0x0000000084b00000|  0%| F|  |TAMS 0x0000000084a00000, 0x0000000084a00000| Untracked 
|  51|0x0000000084b00000, 0x0000000084b00000, 0x0000000084c00000|  0%| F|  |TAMS 0x0000000084b00000, 0x0000000084b00000| Untracked 
|  52|0x0000000084c00000, 0x0000000084c00000, 0x0000000084d00000|  0%| F|  |TAMS 0x0000000084c00000, 0x0000000084c00000| Untracked 
|  53|0x0000000084d00000, 0x0000000084d00000, 0x0000000084e00000|  0%| F|  |TAMS 0x0000000084d00000, 0x0000000084d00000| Untracked 
|  54|0x0000000084e00000, 0x0000000084e00000, 0x0000000084f00000|  0%| F|  |TAMS 0x0000000084e00000, 0x0000000084e00000| Untracked 
|  55|0x0000000084f00000, 0x0000000084f00000, 0x0000000085000000|  0%| F|  |TAMS 0x0000000084f00000, 0x0000000084f00000| Untracked 
|  56|0x0000000085000000, 0x0000000085000000, 0x0000000085100000|  0%| F|  |TAMS 0x0000000085000000, 0x0000000085000000| Untracked 
|  57|0x0000000085100000, 0x0000000085100000, 0x0000000085200000|  0%| F|  |TAMS 0x0000000085100000, 0x0000000085100000| Untracked 
|  58|0x0000000085200000, 0x0000000085200000, 0x0000000085300000|  0%| F|  |TAMS 0x0000000085200000, 0x0000000085200000| Untracked 
|  59|0x0000000085300000, 0x0000000085300000, 0x0000000085400000|  0%| F|  |TAMS 0x0000000085300000, 0x0000000085300000| Untracked 
|  60|0x0000000085400000, 0x0000000085400000, 0x0000000085500000|  0%| F|  |TAMS 0x0000000085400000, 0x0000000085400000| Untracked 
|  61|0x0000000085500000, 0x0000000085500000, 0x0000000085600000|  0%| F|  |TAMS 0x0000000085500000, 0x0000000085500000| Untracked 
|  62|0x0000000085600000, 0x0000000085600000, 0x0000000085700000|  0%| F|  |TAMS 0x0000000085600000, 0x0000000085600000| Untracked 
|  63|0x0000000085700000, 0x0000000085700000, 0x0000000085800000|  0%| F|  |TAMS 0x0000000085700000, 0x0000000085700000| Untracked 
|  64|0x0000000085800000, 0x0000000085800000, 0x0000000085900000|  0%| F|  |TAMS 0x0000000085800000, 0x0000000085800000| Untracked 
|  65|0x0000000085900000, 0x0000000085900000, 0x0000000085a00000|  0%| F|  |TAMS 0x0000000085900000, 0x0000000085900000| Untracked 
|  66|0x0000000085a00000, 0x0000000085a00000, 0x0000000085b00000|  0%| F|  |TAMS 0x0000000085a00000, 0x0000000085a00000| Untracked 
|  67|0x0000000085b00000, 0x0000000085b00000, 0x0000000085c00000|  0%| F|  |TAMS 0x0000000085b00000, 0x0000000085b00000| Untracked 
|  68|0x0000000085c00000, 0x0000000085c00000, 0x0000000085d00000|  0%| F|  |TAMS 0x0000000085c00000, 0x0000000085c00000| Untracked 
|  69|0x0000000085d00000, 0x0000000085d00000, 0x0000000085e00000|  0%| F|  |TAMS 0x0000000085d00000, 0x0000000085d00000| Untracked 
|  70|0x0000000085e00000, 0x0000000085e00000, 0x0000000085f00000|  0%| F|  |TAMS 0x0000000085e00000, 0x0000000085e00000| Untracked 
|  71|0x0000000085f00000, 0x0000000085f00000, 0x0000000086000000|  0%| F|  |TAMS 0x0000000085f00000, 0x0000000085f00000| Untracked 
|  72|0x0000000086000000, 0x0000000086000000, 0x0000000086100000|  0%| F|  |TAMS 0x0000000086000000, 0x0000000086000000| Untracked 
|  73|0x0000000086100000, 0x0000000086100000, 0x0000000086200000|  0%| F|  |TAMS 0x0000000086100000, 0x0000000086100000| Untracked 
|  74|0x0000000086200000, 0x0000000086200000, 0x0000000086300000|  0%| F|  |TAMS 0x0000000086200000, 0x0000000086200000| Untracked 
|  75|0x0000000086300000, 0x0000000086300000, 0x0000000086400000|  0%| F|  |TAMS 0x0000000086300000, 0x0000000086300000| Untracked 
|  76|0x0000000086400000, 0x0000000086400000, 0x0000000086500000|  0%| F|  |TAMS 0x0000000086400000, 0x0000000086400000| Untracked 
|  77|0x0000000086500000, 0x0000000086500000, 0x0000000086600000|  0%| F|  |TAMS 0x0000000086500000, 0x0000000086500000| Untracked 
|  78|0x0000000086600000, 0x0000000086600000, 0x0000000086700000|  0%| F|  |TAMS 0x0000000086600000, 0x0000000086600000| Untracked 
|  79|0x0000000086700000, 0x0000000086700000, 0x0000000086800000|  0%| F|  |TAMS 0x0000000086700000, 0x0000000086700000| Untracked 
|  80|0x0000000086800000, 0x0000000086800000, 0x0000000086900000|  0%| F|  |TAMS 0x0000000086800000, 0x0000000086800000| Untracked 
|  81|0x0000000086900000, 0x0000000086900000, 0x0000000086a00000|  0%| F|  |TAMS 0x0000000086900000, 0x0000000086900000| Untracked 
|  82|0x0000000086a00000, 0x0000000086a00000, 0x0000000086b00000|  0%| F|  |TAMS 0x0000000086a00000, 0x0000000086a00000| Untracked 
|  83|0x0000000086b00000, 0x0000000086b00000, 0x0000000086c00000|  0%| F|  |TAMS 0x0000000086b00000, 0x0000000086b00000| Untracked 
|  84|0x0000000086c00000, 0x0000000086c00000, 0x0000000086d00000|  0%| F|  |TAMS 0x0000000086c00000, 0x0000000086c00000| Untracked 
|  85|0x0000000086d00000, 0x0000000086d00000, 0x0000000086e00000|  0%| F|  |TAMS 0x0000000086d00000, 0x0000000086d00000| Untracked 
|  86|0x0000000086e00000, 0x0000000086e00000, 0x0000000086f00000|  0%| F|  |TAMS 0x0000000086e00000, 0x0000000086e00000| Untracked 
|  87|0x0000000086f00000, 0x0000000086f00000, 0x0000000087000000|  0%| F|  |TAMS 0x0000000086f00000, 0x0000000086f00000| Untracked 
|  88|0x0000000087000000, 0x0000000087000000, 0x0000000087100000|  0%| F|  |TAMS 0x0000000087000000, 0x0000000087000000| Untracked 
|  89|0x0000000087100000, 0x0000000087100000, 0x0000000087200000|  0%| F|  |TAMS 0x0000000087100000, 0x0000000087100000| Untracked 
|  90|0x0000000087200000, 0x0000000087200000, 0x0000000087300000|  0%| F|  |TAMS 0x0000000087200000, 0x0000000087200000| Untracked 
|  91|0x0000000087300000, 0x0000000087300000, 0x0000000087400000|  0%| F|  |TAMS 0x0000000087300000, 0x0000000087300000| Untracked 
|  92|0x0000000087400000, 0x0000000087400000, 0x0000000087500000|  0%| F|  |TAMS 0x0000000087400000, 0x0000000087400000| Untracked 
|  93|0x0000000087500000, 0x0000000087500000, 0x0000000087600000|  0%| F|  |TAMS 0x0000000087500000, 0x0000000087500000| Untracked 
|  94|0x0000000087600000, 0x0000000087600000, 0x0000000087700000|  0%| F|  |TAMS 0x0000000087600000, 0x0000000087600000| Untracked 
|  95|0x0000000087700000, 0x0000000087700000, 0x0000000087800000|  0%| F|  |TAMS 0x0000000087700000, 0x0000000087700000| Untracked 
|  96|0x0000000087800000, 0x0000000087800000, 0x0000000087900000|  0%| F|  |TAMS 0x0000000087800000, 0x0000000087800000| Untracked 
|  97|0x0000000087900000, 0x0000000087900000, 0x0000000087a00000|  0%| F|  |TAMS 0x0000000087900000, 0x0000000087900000| Untracked 
|  98|0x0000000087a00000, 0x0000000087a00000, 0x0000000087b00000|  0%| F|  |TAMS 0x0000000087a00000, 0x0000000087a00000| Untracked 
|  99|0x0000000087b00000, 0x0000000087b00000, 0x0000000087c00000|  0%| F|  |TAMS 0x0000000087b00000, 0x0000000087b00000| Untracked 
| 100|0x0000000087c00000, 0x0000000087c00000, 0x0000000087d00000|  0%| F|  |TAMS 0x0000000087c00000, 0x0000000087c00000| Untracked 
| 101|0x0000000087d00000, 0x0000000087d00000, 0x0000000087e00000|  0%| F|  |TAMS 0x0000000087d00000, 0x0000000087d00000| Untracked 
| 102|0x0000000087e00000, 0x0000000087e00000, 0x0000000087f00000|  0%| F|  |TAMS 0x0000000087e00000, 0x0000000087e00000| Untracked 
| 103|0x0000000087f00000, 0x0000000087f00000, 0x0000000088000000|  0%| F|  |TAMS 0x0000000087f00000, 0x0000000087f00000| Untracked 
| 104|0x0000000088000000, 0x0000000088000000, 0x0000000088100000|  0%| F|  |TAMS 0x0000000088000000, 0x0000000088000000| Untracked 
| 105|0x0000000088100000, 0x0000000088100000, 0x0000000088200000|  0%| F|  |TAMS 0x0000000088100000, 0x0000000088100000| Untracked 
| 106|0x0000000088200000, 0x0000000088200000, 0x0000000088300000|  0%| F|  |TAMS 0x0000000088200000, 0x0000000088200000| Untracked 
| 107|0x0000000088300000, 0x0000000088300000, 0x0000000088400000|  0%| F|  |TAMS 0x0000000088300000, 0x0000000088300000| Untracked 
| 108|0x0000000088400000, 0x0000000088400000, 0x0000000088500000|  0%| F|  |TAMS 0x0000000088400000, 0x0000000088400000| Untracked 
| 109|0x0000000088500000, 0x0000000088500000, 0x0000000088600000|  0%| F|  |TAMS 0x0000000088500000, 0x0000000088500000| Untracked 
| 110|0x0000000088600000, 0x0000000088600000, 0x0000000088700000|  0%| F|  |TAMS 0x0000000088600000, 0x0000000088600000| Untracked 
| 111|0x0000000088700000, 0x0000000088700000, 0x0000000088800000|  0%| F|  |TAMS 0x0000000088700000, 0x0000000088700000| Untracked 
| 112|0x0000000088800000, 0x00000000888cdd88, 0x0000000088900000| 80%| S|CS|TAMS 0x0000000088800000, 0x0000000088800000| Complete 
| 113|0x0000000088900000, 0x0000000088a00000, 0x0000000088a00000|100%| S|CS|TAMS 0x0000000088900000, 0x0000000088900000| Complete 
| 114|0x0000000088a00000, 0x0000000088b00000, 0x0000000088b00000|100%| E|  |TAMS 0x0000000088a00000, 0x0000000088a00000| Complete 
| 115|0x0000000088b00000, 0x0000000088c00000, 0x0000000088c00000|100%| E|CS|TAMS 0x0000000088b00000, 0x0000000088b00000| Complete 
| 116|0x0000000088c00000, 0x0000000088d00000, 0x0000000088d00000|100%| E|CS|TAMS 0x0000000088c00000, 0x0000000088c00000| Complete 
| 117|0x0000000088d00000, 0x0000000088e00000, 0x0000000088e00000|100%| E|CS|TAMS 0x0000000088d00000, 0x0000000088d00000| Complete 
| 118|0x0000000088e00000, 0x0000000088f00000, 0x0000000088f00000|100%| E|CS|TAMS 0x0000000088e00000, 0x0000000088e00000| Complete 
| 119|0x0000000088f00000, 0x0000000089000000, 0x0000000089000000|100%| E|CS|TAMS 0x0000000088f00000, 0x0000000088f00000| Complete 
| 120|0x0000000089000000, 0x0000000089100000, 0x0000000089100000|100%| E|CS|TAMS 0x0000000089000000, 0x0000000089000000| Complete 
| 121|0x0000000089100000, 0x0000000089200000, 0x0000000089200000|100%| E|CS|TAMS 0x0000000089100000, 0x0000000089100000| Complete 
| 122|0x0000000089200000, 0x0000000089300000, 0x0000000089300000|100%| E|CS|TAMS 0x0000000089200000, 0x0000000089200000| Complete 
| 123|0x0000000089300000, 0x0000000089400000, 0x0000000089400000|100%| E|CS|TAMS 0x0000000089300000, 0x0000000089300000| Complete 
| 124|0x0000000089400000, 0x0000000089500000, 0x0000000089500000|100%| E|CS|TAMS 0x0000000089400000, 0x0000000089400000| Complete 
| 125|0x0000000089500000, 0x0000000089600000, 0x0000000089600000|100%| E|CS|TAMS 0x0000000089500000, 0x0000000089500000| Complete 
| 126|0x0000000089600000, 0x0000000089700000, 0x0000000089700000|100%| E|CS|TAMS 0x0000000089600000, 0x0000000089600000| Complete 
| 127|0x0000000089700000, 0x0000000089800000, 0x0000000089800000|100%| E|CS|TAMS 0x0000000089700000, 0x0000000089700000| Complete 

Card table byte_map: [0x00000285f6040000,0x00000285f6440000] _byte_map_base: 0x00000285f5c34000

Marking Bits (Prev, Next): (CMBitMap*) 0x00000285eb89d058, (CMBitMap*) 0x00000285eb89d090
 Prev Bits: [0x00000285f6840000, 0x00000285f87e0000)
 Next Bits: [0x00000285f87e0000, 0x00000285fa780000)

Polling page: 0x00000285ed0a0000

Metaspace:

Usage:
  Non-class:     11.96 MB capacity,    11.67 MB ( 98%) used,   257.62 KB (  2%) free+waste,    42.06 KB ( <1%) overhead. 
      Class:      1.46 MB capacity,     1.28 MB ( 88%) used,   158.47 KB ( 11%) free+waste,    20.13 KB (  1%) overhead. 
       Both:     13.42 MB capacity,    12.95 MB ( 97%) used,   416.09 KB (  3%) free+waste,    62.19 KB ( <1%) overhead. 

Virtual space:
  Non-class space:       12.00 MB reserved,      12.00 MB (100%) committed 
      Class space:        1.00 GB reserved,       1.50 MB ( <1%) committed 
             Both:        1.01 GB reserved,      13.50 MB (  1%) committed 

Chunk freelists:
   Non-Class:  4.75 KB
       Class:  0 bytes
        Both:  4.75 KB

CodeHeap 'non-profiled nmethods': size=120064Kb used=557Kb max_used=557Kb free=119507Kb
 bounds [0x0000028587ac0000, 0x0000028587d30000, 0x000002858f000000]
CodeHeap 'profiled nmethods': size=120000Kb used=2878Kb max_used=2878Kb free=117121Kb
 bounds [0x0000028580590000, 0x0000028580860000, 0x0000028587ac0000]
CodeHeap 'non-nmethods': size=5696Kb used=1163Kb max_used=1232Kb free=4532Kb
 bounds [0x0000028580000000, 0x0000028580270000, 0x0000028580590000]
 total_blobs=1954 nmethods=1298 adapters=301
 compilation: enabled
              stopped_count=0, restarted_count=0
 full_count=0

Compilation events (10 events):
Event: 9.820 Thread 0x00000285fd62f800 1293   !   3       com.sun.proxy.$Proxy3::hashCode (32 bytes)
Event: 9.820 Thread 0x00000285fd62f800 nmethod 1293 0x000002858085d690 code [0x000002858085d880, 0x000002858085dd40]
Event: 9.820 Thread 0x00000285fd62f800 1295       3       java.util.stream.AbstractPipeline::wrapSink (37 bytes)
Event: 9.821 Thread 0x00000285fd62f800 nmethod 1295 0x000002858085e010 code [0x000002858085e200, 0x000002858085e680]
Event: 9.821 Thread 0x00000285fd62f800 1296       3       java.util.Spliterator::getExactSizeIfKnown (25 bytes)
Event: 9.821 Thread 0x00000285fd62f800 nmethod 1296 0x000002858085e810 code [0x000002858085e9e0, 0x000002858085ed20]
Event: 9.821 Thread 0x00000285fd62f800 1297       3       java.util.stream.AbstractPipeline::copyInto (54 bytes)
Event: 9.822 Thread 0x00000285fd62f800 nmethod 1297 0x000002858085ee10 code [0x000002858085f060, 0x000002858085f7a0]
Event: 256.703 Thread 0x00000285fcc9e800 1298       4       org.eclipse.jdt.launching.internal.org.objectweb.asm.ClassReader::readClass (7 bytes)
Event: 256.716 Thread 0x00000285fcc9e800 nmethod 1298 0x0000028587b4a910 code [0x0000028587b4aac0, 0x0000028587b4b008]

GC Heap History (2 events):
Event: 3.986 GC heap before
{Heap before GC invocations=0 (full 0):
 garbage-first heap   total 131072K, used 14336K [0x0000000081800000, 0x0000000100000000)
  region size 1024K, 14 young (14336K), 0 survivors (0K)
 Metaspace       used 11090K, capacity 11319K, committed 11392K, reserved 1058816K
  class space    used 1013K, capacity 1089K, committed 1152K, reserved 1048576K
}
Event: 3.989 GC heap after
{Heap after GC invocations=1 (full 0):
 garbage-first heap   total 131072K, used 1847K [0x0000000081800000, 0x0000000100000000)
  region size 1024K, 2 young (2048K), 2 survivors (2048K)
 Metaspace       used 11090K, capacity 11319K, committed 11392K, reserved 1058816K
  class space    used 1013K, capacity 1089K, committed 1152K, reserved 1048576K
}

Deoptimization events (3 events):
Event: 3.996 Thread 0x00000285ed932000 Uncommon trap: reason=unstable_if action=reinterpret pc=0x0000028587ace3f4 method=java.util.HashMap.putVal(ILjava/lang/Object;Ljava/lang/Object;ZZ)Ljava/lang/Object; @ 181 c2
Event: 4.053 Thread 0x00000285ed932000 Uncommon trap: reason=unstable_if action=reinterpret pc=0x0000028587b09474 method=java.util.HashMap.getNode(ILjava/lang/Object;)Ljava/util/HashMap$Node; @ 129 c2
Event: 5.251 Thread 0x00000285ed932000 Uncommon trap: reason=unstable_if action=reinterpret pc=0x0000028587b1316c method=org.eclipse.jdt.launching.internal.org.objectweb.asm.ByteVector.putInt(I)Lorg/eclipse/jdt/launching/internal/org/objectweb/asm/ByteVector; @ 13 c2

Classes redefined (7 events):
Event: 256.714 Thread 0x00000285fcc54000 redefined class name=hr.fer.zemris.java.custom.scripting.exec.ValueWrapperTest, count=1
Event: 290.416 Thread 0x00000285fcc54000 redefined class name=hr.fer.zemris.java.custom.scripting.exec.ValueWrapperTest, count=2
Event: 331.104 Thread 0x00000285fcc54000 redefined class name=hr.fer.zemris.java.custom.scripting.exec.ValueWrapperTest, count=3
Event: 356.122 Thread 0x00000285fcc54000 redefined class name=hr.fer.zemris.java.custom.scripting.exec.ValueWrapperTest, count=4
Event: 368.823 Thread 0x00000285fcc54000 redefined class name=hr.fer.zemris.java.custom.scripting.exec.ValueWrapperTest, count=5
Event: 380.546 Thread 0x00000285fcc54000 redefined class name=hr.fer.zemris.java.custom.scripting.exec.ValueWrapperTest, count=6
Event: 399.268 Thread 0x00000285fcc54000 redefined class name=hr.fer.zemris.java.custom.scripting.exec.ValueWrapperTest, count=7

Internal exceptions (10 events):
Event: 5.033 Thread 0x00000285ed932000 Exception <a 'java/lang/IncompatibleClassChangeError'{0x0000000089208860}: Found class java.lang.Object, but interface was expected> (0x0000000089208860) thrown at [t:/workspace/open/src/hotspot/share/interpreter/linkResolver.cpp, line 838]
Event: 5.038 Thread 0x00000285ed932000 Exception <a 'java/lang/NoSuchMethodError'{0x000000008921c9c8}: java.lang.invoke.DirectMethodHandle$Holder.invokeStatic(Ljava/lang/Object;Ljava/lang/Object;Ljava/lang/Object;Ljava/lang/Object;)V> (0x000000008921c9c8) thrown at [t:/workspace/open/src/hotsp
Event: 5.103 Thread 0x00000285ed932000 Exception <a 'java/lang/NoSuchMethodError'{0x00000000891317c8}: java.lang.invoke.DirectMethodHandle$Holder.invokeInterface(Ljava/lang/Object;Ljava/lang/Object;Ljava/lang/Object;Ljava/lang/Object;)V> (0x00000000891317c8) thrown at [t:/workspace/open/src/ho
Event: 5.104 Thread 0x00000285ed932000 Exception <a 'java/lang/IncompatibleClassChangeError'{0x0000000089134588}: Found class java.lang.Object, but interface was expected> (0x0000000089134588) thrown at [t:/workspace/open/src/hotspot/share/interpreter/linkResolver.cpp, line 838]
Event: 5.186 Thread 0x00000285ed932000 Exception <a 'java/lang/NoSuchMethodError'{0x00000000890f8bb8}: java.lang.invoke.DirectMethodHandle$Holder.invokeSpecial(Ljava/lang/Object;Ljava/lang/Object;)V> (0x00000000890f8bb8) thrown at [t:/workspace/open/src/hotspot/share/interpreter/linkResolver.c
Event: 5.249 Thread 0x00000285ed932000 Exception <a 'java/lang/NoSuchMethodError'{0x0000000088fd9660}: java.lang.invoke.DirectMethodHandle$Holder.invokeStatic(Ljava/lang/Object;Ljava/lang/Object;Ljava/lang/Object;Ljava/lang/Object;Ljava/lang/Object;)I> (0x0000000088fd9660) thrown at [t:/worksp
Event: 5.338 Thread 0x00000285ed932000 Exception <a 'java/lang/NoSuchMethodError'{0x0000000088d62688}: java.lang.invoke.DirectMethodHandle$Holder.invokeStaticInit(Ljava/lang/Object;Ljava/lang/Object;Ljava/lang/Object;)I> (0x0000000088d62688) thrown at [t:/workspace/open/src/hotspot/share/inter
Event: 5.451 Thread 0x00000285ed932000 Exception <a 'java/lang/NoSuchMethodError'{0x0000000088c51e70}: java.lang.invoke.DirectMethodHandle$Holder.invokeStaticInit(Ljava/lang/Object;Ljava/lang/Object;)I> (0x0000000088c51e70) thrown at [t:/workspace/open/src/hotspot/share/interpreter/linkResolve
Event: 5.678 Thread 0x00000285ed932000 Exception <a 'java/lang/NoSuchMethodError'{0x0000000088beb5a0}: java.lang.invoke.DirectMethodHandle$Holder.invokeStatic(Ljava/lang/Object;Ljava/lang/Object;Ljava/lang/Object;Ljava/lang/Object;Ljava/lang/Object;)V> (0x0000000088beb5a0) thrown at [t:/worksp
Event: 9.818 Thread 0x00000285ed932000 Exception <a 'java/lang/ClassCastException'{0x0000000088a52e40}: class java.lang.String cannot be cast to class java.lang.Integer (java.lang.String and java.lang.Integer are in module java.base of loader 'bootstrap')> (0x0000000088a52e40) thrown at [t:/wo

Events (10 events):
Event: 1596.747 Executing VM operation: GetOrSetLocal done
Event: 1596.748 Executing VM operation: GetFrameLocation
Event: 1596.748 Executing VM operation: GetFrameLocation done
Event: 1596.748 Executing VM operation: GetOrSetLocal
Event: 1596.748 Executing VM operation: GetOrSetLocal done
Event: 1596.749 Executing VM operation: GetFrameLocation
Event: 1596.749 Executing VM operation: GetFrameLocation done
Event: 1596.749 Executing VM operation: GetOrSetLocal
Event: 1596.749 Executing VM operation: GetOrSetLocal done
Event: 1597.868 Executing VM operation: GetOrSetLocal


Dynamic libraries:
0x00007ff6967c0000 - 0x00007ff696805000 	C:\Program Files\Java\jdk-11.0.2\bin\javaw.exe
0x00007ff8fa980000 - 0x00007ff8fab61000 	C:\Windows\SYSTEM32\ntdll.dll
0x00007ff8f49d0000 - 0x00007ff8f49e2000 	C:\Program Files\AVAST Software\Avast\aswhook.dll
0x00007ff8fa840000 - 0x00007ff8fa8f1000 	C:\Windows\System32\KERNEL32.DLL
0x00007ff8f7170000 - 0x00007ff8f73e3000 	C:\Windows\System32\KERNELBASE.dll
0x00007ff8fa050000 - 0x00007ff8fa1e0000 	C:\Windows\System32\USER32.dll
0x00007ff8f73f0000 - 0x00007ff8f7410000 	C:\Windows\System32\win32u.dll
0x00007ff8fa900000 - 0x00007ff8fa928000 	C:\Windows\System32\GDI32.dll
0x00007ff8f6e50000 - 0x00007ff8f6fe2000 	C:\Windows\System32\gdi32full.dll
0x00007ff8f7470000 - 0x00007ff8f750f000 	C:\Windows\System32\msvcp_win.dll
0x00007ff8f6ff0000 - 0x00007ff8f70e8000 	C:\Windows\System32\ucrtbase.dll
0x00007ff8e7f10000 - 0x00007ff8e8179000 	C:\Windows\WinSxS\amd64_microsoft.windows.common-controls_6595b64144ccf1df_6.0.17134.706_none_fb43a2cb30647007\COMCTL32.dll
0x00007ff8fa1e0000 - 0x00007ff8fa27e000 	C:\Windows\System32\msvcrt.dll
0x00007ff8f8170000 - 0x00007ff8f8492000 	C:\Windows\System32\combase.dll
0x00007ff8f7ee0000 - 0x00007ff8f8004000 	C:\Windows\System32\RPCRT4.dll
0x00007ff8f70f0000 - 0x00007ff8f716a000 	C:\Windows\System32\bcryptPrimitives.dll
0x00007ff8fa3e0000 - 0x00007ff8fa40d000 	C:\Windows\System32\IMM32.DLL
0x00007ff8e7d90000 - 0x00007ff8e7da6000 	C:\Program Files\Java\jdk-11.0.2\bin\vcruntime140.dll
0x00007ff8cdce0000 - 0x00007ff8cdd8a000 	C:\Program Files\Java\jdk-11.0.2\bin\msvcp140.dll
0x00007ff8b6880000 - 0x00007ff8b73a3000 	C:\Program Files\Java\jdk-11.0.2\bin\server\jvm.dll
0x00007ff8fa790000 - 0x00007ff8fa831000 	C:\Windows\System32\ADVAPI32.dll
0x00007ff8f8110000 - 0x00007ff8f816b000 	C:\Windows\System32\sechost.dll
0x00007ff8fa6e0000 - 0x00007ff8fa6e8000 	C:\Windows\System32\PSAPI.DLL
0x00007ff8e9860000 - 0x00007ff8e9869000 	C:\Windows\SYSTEM32\WSOCK32.dll
0x00007ff8f8090000 - 0x00007ff8f80fc000 	C:\Windows\System32\WS2_32.dll
0x00007ff8f4900000 - 0x00007ff8f4923000 	C:\Windows\SYSTEM32\WINMM.dll
0x00007ff8ea3d0000 - 0x00007ff8ea3da000 	C:\Windows\SYSTEM32\VERSION.dll
0x00007ff8f48d0000 - 0x00007ff8f48fa000 	C:\Windows\SYSTEM32\WINMMBASE.dll
0x00007ff8f6d50000 - 0x00007ff8f6d99000 	C:\Windows\System32\cfgmgr32.dll
0x00007ff8f6cb0000 - 0x00007ff8f6cc1000 	C:\Windows\System32\kernel.appcore.dll
0x00007ff8e2400000 - 0x00007ff8e2411000 	C:\Program Files\Java\jdk-11.0.2\bin\verify.dll
0x00007ff8e36a0000 - 0x00007ff8e3869000 	C:\Windows\SYSTEM32\DBGHELP.DLL
0x00007ff8e35f0000 - 0x00007ff8e3619000 	C:\Windows\SYSTEM32\dbgcore.DLL
0x00007ff8db6f0000 - 0x00007ff8db718000 	C:\Program Files\Java\jdk-11.0.2\bin\java.dll
0x00007ff8d6a80000 - 0x00007ff8d6ab7000 	C:\Program Files\Java\jdk-11.0.2\bin\jdwp.dll
0x00007ff8da300000 - 0x00007ff8da32f000 	C:\Program Files\Java\jdk-11.0.2\bin\instrument.dll
0x00007ff8e1fa0000 - 0x00007ff8e1fb6000 	C:\Program Files\Java\jdk-11.0.2\bin\zip.dll
0x00007ff8f1c00000 - 0x00007ff8f1c0a000 	C:\Program Files\Java\jdk-11.0.2\bin\jimage.dll
0x00007ff8f8a90000 - 0x00007ff8f9ed0000 	C:\Windows\System32\SHELL32.dll
0x00007ff8f8590000 - 0x00007ff8f8639000 	C:\Windows\System32\shcore.dll
0x00007ff8f7510000 - 0x00007ff8f7c1d000 	C:\Windows\System32\windows.storage.dll
0x00007ff8fa410000 - 0x00007ff8fa461000 	C:\Windows\System32\shlwapi.dll
0x00007ff8f6d30000 - 0x00007ff8f6d4f000 	C:\Windows\System32\profapi.dll
0x00007ff8f6ce0000 - 0x00007ff8f6d2c000 	C:\Windows\System32\powrprof.dll
0x00007ff8f6cd0000 - 0x00007ff8f6cda000 	C:\Windows\System32\FLTLIB.DLL
0x00007ff8f3810000 - 0x00007ff8f381a000 	C:\Program Files\Java\jdk-11.0.2\bin\dt_socket.dll
0x00007ff8f6510000 - 0x00007ff8f6576000 	C:\Windows\System32\mswsock.dll
0x00007ff8f62e0000 - 0x00007ff8f639e000 	C:\Windows\SYSTEM32\DNSAPI.dll
0x00007ff8f8100000 - 0x00007ff8f8108000 	C:\Windows\System32\NSI.dll
0x00007ff8f6290000 - 0x00007ff8f62c8000 	C:\Windows\SYSTEM32\IPHLPAPI.DLL
0x00007ff8ebf90000 - 0x00007ff8ec002000 	C:\Windows\System32\fwpuclnt.dll
0x00007ff8f67f0000 - 0x00007ff8f6815000 	C:\Windows\SYSTEM32\bcrypt.dll
0x00007ff8e9e00000 - 0x00007ff8e9e0a000 	C:\Windows\System32\rasadhlp.dll
0x00007ff8dc550000 - 0x00007ff8dc569000 	C:\Program Files\Java\jdk-11.0.2\bin\net.dll
0x00007ff8ec470000 - 0x00007ff8ec54d000 	C:\Windows\SYSTEM32\WINHTTP.dll
0x00007ff8ed620000 - 0x00007ff8ed7e8000 	C:\Windows\SYSTEM32\urlmon.dll
0x00007ff8eafb0000 - 0x00007ff8eb256000 	C:\Windows\SYSTEM32\iertutil.dll
0x00007ff8f66e0000 - 0x00007ff8f66eb000 	C:\Windows\SYSTEM32\CRYPTBASE.DLL
0x00007ff8da0c0000 - 0x00007ff8da0d3000 	C:\Program Files\Java\jdk-11.0.2\bin\nio.dll

dbghelp: loaded successfully - version: 4.0.5 - missing functions: none
symbol engine: initialized successfully - sym options: 0x614 - pdb path: .;C:\Program Files\Java\jdk-11.0.2\bin;C:\Windows\SYSTEM32;C:\Program Files\AVAST Software\Avast;C:\Windows\WinSxS\amd64_microsoft.windows.common-controls_6595b64144ccf1df_6.0.17134.706_none_fb43a2cb30647007;C:\Program Files\Java\jdk-11.0.2\bin\server

VM Arguments:
jvm_args: -agentlib:jdwp=transport=dt_socket,suspend=y,address=localhost:64778 -ea -javaagent:C:\Users\korisnik\eclipse\configuration\org.eclipse.osgi\405\0\.cp\lib\javaagent-shaded.jar -Dfile.encoding=UTF-8 
java_command: org.eclipse.jdt.internal.junit.runner.RemoteTestRunner -version 3 -port 64777 -testLoaderClass org.eclipse.jdt.internal.junit5.runner.JUnit5TestLoader -loaderpluginname org.eclipse.jdt.junit5.runtime -classNames hr.fer.zemris.java.custom.scripting.exec.ValueWrapperTest
java_class_path (initial): C:\Users\korisnik\eclipse-workspaces\java\hw07-0036510529\target\test-classes;C:\Users\korisnik\eclipse-workspaces\java\hw07-0036510529\target\classes;C:\Users\korisnik\.m2\repository\org\junit\jupiter\junit-jupiter-api\5.4.0\junit-jupiter-api-5.4.0.jar;C:\Users\korisnik\.m2\repository\org\apiguardian\apiguardian-api\1.0.0\apiguardian-api-1.0.0.jar;C:\Users\korisnik\.m2\repository\org\opentest4j\opentest4j\1.1.1\opentest4j-1.1.1.jar;C:\Users\korisnik\.m2\repository\org\junit\platform\junit-platform-commons\1.4.0\junit-platform-commons-1.4.0.jar;C:\Users\korisnik\.m2\repository\org\junit\jupiter\junit-jupiter-params\5.4.0\junit-jupiter-params-5.4.0.jar;C:\Users\korisnik\.m2\repository\org\junit\jupiter\junit-jupiter-engine\5.4.0\junit-jupiter-engine-5.4.0.jar;C:\Users\korisnik\.m2\repository\org\junit\platform\junit-platform-engine\1.4.0\junit-platform-engine-1.4.0.jar;C:\Users\korisnik\eclipse\configuration\org.eclipse.osgi\404\0\.cp;C:\Users\korisnik\eclipse\configuration\org.eclipse.osgi\402\0\.cp;C:\Users\korisnik\eclipse\configuration\org.eclipse.osgi\931\0\.cp
Launcher Type: SUN_STANDARD

[Global flags]
     intx CICompilerCount                          = 3                                         {product} {ergonomic}
     uint ConcGCThreads                            = 1                                         {product} {ergonomic}
     uint G1ConcRefinementThreads                  = 4                                         {product} {ergonomic}
   size_t G1HeapRegionSize                         = 1048576                                   {product} {ergonomic}
    uintx GCDrainStackTargetSize                   = 64                                        {product} {ergonomic}
   size_t InitialHeapSize                          = 134217728                                 {product} {ergonomic}
   size_t MarkStackSize                            = 4194304                                   {product} {ergonomic}
   size_t MaxHeapSize                              = 2122317824                                {product} {ergonomic}
   size_t MaxNewSize                               = 1272971264                                {product} {ergonomic}
   size_t MinHeapDeltaBytes                        = 1048576                                   {product} {ergonomic}
    uintx NonNMethodCodeHeapSize                   = 5830092                                {pd product} {ergonomic}
    uintx NonProfiledCodeHeapSize                  = 122914074                              {pd product} {ergonomic}
    uintx ProfiledCodeHeapSize                     = 122914074                              {pd product} {ergonomic}
    uintx ReservedCodeCacheSize                    = 251658240                              {pd product} {ergonomic}
     bool SegmentedCodeCache                       = true                                      {product} {ergonomic}
     bool UseCompressedClassPointers               = true                                 {lp64_product} {ergonomic}
     bool UseCompressedOops                        = true                                 {lp64_product} {ergonomic}
     bool UseG1GC                                  = true                                      {product} {ergonomic}
     bool UseLargePagesIndividualAllocation        = false                                  {pd product} {ergonomic}

Logging:
Log output configuration:
 #0: stdout all=warning uptime,level,tags
 #1: stderr all=off uptime,level,tags

Environment Variables:
JAVA_HOME=C:\Progra~1\Java\jdk-11.0.2
PATH=C:/Progra~1/Java/jdk-11.0.2/bin/server;C:/Progra~1/Java/jdk-11.0.2/bin;C:\Windows\system32;C:\Windows;C:\Windows\System32\Wbem;C:\Windows\System32\WindowsPowerShell\v1.0\;C:\Windows\System32\OpenSSH\;C:\Progra~1\Java\jdk-11.0.2\bin;C:\Users\korisnik\AppData\Local\Programs\Python\Python37-32\Scripts\;C:\Users\korisnik\AppData\Local\Programs\Python\Python37-32\;C:\Users\korisnik\AppData\Local\Microsoft\WindowsApps;C:\Program Files\Java\jdk-11.0.2\bin;C:\Program Files\apache-maven-3.6.0\bin;;C:\Program Files\JetBrains\PyCharm Community Edition 2019.1.1\bin;;C:\Users\korisnik\eclipse;
USERNAME=korisnik
OS=Windows_NT
PROCESSOR_IDENTIFIER=Intel64 Family 6 Model 60 Stepping 3, GenuineIntel



---------------  S Y S T E M  ---------------

OS: Windows 10 , 64 bit Build 17134 (10.0.17134.706)

CPU:total 4 (initial active 4) (2 cores per cpu, 2 threads per core) family 6 model 60 stepping 3, cmov, cx8, fxsr, mmx, sse, sse2, sse3, ssse3, sse4.1, sse4.2, popcnt, avx, avx2, aes, clmul, erms, lzcnt, ht, tsc, tscinvbit, bmi1, bmi2, fma

Memory: 4k page, system-wide physical 8089M (2616M free)
TotalPageFile size 9369M (AvailPageFile size 1715M)
current process WorkingSet (physical memory assigned to process): 59M, peak: 112M
current process commit charge ("private bytes"): 209M, peak: 259M

vm_info: OpenJDK 64-Bit Server VM (11.0.2+9) for windows-amd64 JRE (11.0.2+9), built on Jan 18 2019 05:23:22 by "mach5one" with MS VC++ 15.5 (VS2017)

END.
